Announcify/proguard/seeds.txt
com.announcify.ui.widget.GreedyImageView
com.announcify.ui.widget.GreedyImageView
com.announcify.ui.widget.GreedyImageView: GreedyImageView(android.content.Context,android.util.AttributeSet)
com.announcify.api.background.contact.ContactEnum: com.announcify.api.background.contact.ContactEnum[] values()
com.announcify.api.background.contact.ContactEnum: com.announcify.api.background.contact.ContactEnum valueOf(java.lang.String)
com.announcify.api.background.contact.ContactEnum: com.announcify.api.background.contact.ContactEnum[] values()
com.announcify.api.background.contact.ContactEnum: com.announcify.api.background.contact.ContactEnum valueOf(java.lang.String)
com.announcify.api.background.contact.ContactEnum: com.announcify.api.background.contact.ContactEnum[] values()
com.announcify.api.background.contact.ContactEnum: com.announcify.api.background.contact.ContactEnum valueOf(java.lang.String)
com.announcify.api.background.contact.ContactEnum: com.announcify.api.background.contact.ContactEnum[] values()
com.announcify.api.background.contact.ContactEnum: com.announcify.api.background.contact.ContactEnum valueOf(java.lang.String)
com.announcify.api.background.contact.ContactEnum: com.announcify.api.background.contact.ContactEnum[] values()
com.announcify.api.background.contact.ContactEnum: com.announcify.api.background.contact.ContactEnum valueOf(java.lang.String)
com.announcify.api.background.contact.ContactEnum: com.announcify.api.background.contact.ContactEnum[] values()
com.announcify.api.background.contact.ContactEnum: com.announcify.api.background.contact.ContactEnum valueOf(java.lang.String)
com.announcify.ui.control.RemoteControlDialog
com.announcify.ui.control.RemoteControlDialogInstaller
com.announcify.api.ui.activity.BaseActivity
com.announcify.ui.activity.FormatActivity
com.announcify.ui.activity.GroupActivity
com.announcify.ui.activity.HelpActivity
com.announcify.ui.activity.ReplaceActivity
com.announcify.ui.activity.AnnouncifyActivity
com.announcify.ui.activity.ContactActivity
com.announcify.api.ui.activity.PluginActivity
com.announcify.ui.activity.LocaleActivity
com.announcify.ui.activity.SettingsActivity
com.announcify.background.service.ManagerService
com.announcify.api.background.service.PluginService
com.announcify.background.receiver.HeadsetReceiver
com.announcify.background.receiver.ScreenReceiver
com.announcify.background.receiver.NotificationReceiver
com.announcify.background.receiver.ControlReceiver
com.announcify.background.receiver.LocaleReceiver
com.announcify.ui.control.RemoteControlWidget
com.announcify.background.sql.AnnouncifyProvider
com.announcify.api.background.tts.Speech
com.announcify.api.background.tts.Speech: android.os.Parcelable$Creator CREATOR
com.announcify.api.background.queue.PluginQueue
com.announcify.api.background.queue.PluginQueue: android.os.Parcelable$Creator CREATOR
...
com.markupartist.android.widget.ActionBar
com.markupartist.android.widget.ScrollingTextView
com.markupartist.android.widget.ActionBar
com.markupartist.android.widget.ActionBar: ActionBar(android.content.Context,android.util.AttributeSet)
com.markupartist.android.widget.ScrollingTextView
com.markupartist.android.widget.ScrollingTextView: ScrollingTextView(android.content.Context,android.util.AttributeSet)
com.markupartist.android.widget.ScrollingTextView
com.markupartist.android.widget.ScrollingTextView: ScrollingTextView(android.content.Context,android.util.AttributeSet,int)