Announcify/proguard/mapping.txt
com.announcify.api.R -> com.announcify.api.a:
com.announcify.api.R$styleable -> com.announcify.api.b:
    int[] ActionBar -> a
com.announcify.api.background.error.ExceptionHandler -> com.announcify.api.background.c.b:
    android.content.Context context -> a
    java.lang.Thread$UncaughtExceptionHandler defaultHandler -> b
    void uncaughtException(java.lang.Thread,java.lang.Throwable) -> uncaughtException
com.announcify.api.background.error.ExceptionParser -> com.announcify.api.background.c.a:
    android.content.Context context -> a
    java.lang.Throwable exception -> b
    java.lang.String getVersionCode() -> b
    java.lang.String getVersionName() -> c
    void sendException() -> a
com.announcify.api.background.queue.PluginQueue -> com.announcify.api.background.queue.PluginQueue:
    android.os.Parcelable$Creator CREATOR -> CREATOR
    java.util.LinkedList queue -> a
    java.lang.String pluginName -> b
    java.lang.String startBroadcast -> c
    java.lang.String stopBroadcast -> d
    com.announcify.api.background.tts.Speech speech -> e
    int describeContents() -> describeContents
    java.lang.Object getNext() -> a
    java.lang.String getPluginName() -> b
    java.lang.String getStartBroadcast() -> c
    java.lang.String getStopBroadcast() -> d
    boolean isEmpty() -> e
    void writeToParcel(android.os.Parcel,int) -> writeToParcel
com.announcify.api.background.queue.PluginQueue$1 -> com.announcify.api.background.queue.a:
    java.lang.Object createFromParcel(android.os.Parcel) -> createFromParcel
    java.lang.Object[] newArray(int) -> newArray
com.announcify.api.background.service.PluginService -> com.announcify.api.background.service.PluginService:
com.announcify.api.background.sql.model.BaseModel -> com.announcify.api.background.a.a.b:
    android.net.Uri PROVIDER_URI -> b
    java.lang.String TABLE_NAME -> c
    android.content.ContentResolver resolver -> a
    android.net.Uri buildUri() -> a
    android.database.Cursor get(long) -> a
    android.database.Cursor getAll() -> b
    android.database.Cursor getAll(java.lang.String) -> a
    android.content.ContentResolver getResolver() -> c
    void remove(long) -> b
com.announcify.api.background.sql.model.ContactModel -> com.announcify.api.background.a.a.e:
com.announcify.api.background.sql.model.GroupModel -> com.announcify.api.background.a.a.d:
    void remove(long) -> b
com.announcify.api.background.sql.model.PluginModel -> com.announcify.api.background.a.a.c:
    java.lang.String getAction(long) -> c
    boolean getActive(long) -> d
    void setActive(long,boolean) -> a
    android.database.Cursor getAll() -> b
    long getId(java.lang.String) -> b
    java.lang.String getName(long) -> e
    java.lang.String getPackage(long) -> f
    void togglePlugin(long) -> g
com.announcify.api.background.sql.model.TranslationModel -> com.announcify.api.background.a.a.a:
    void add(java.lang.String,java.lang.String,java.lang.String,java.lang.String) -> a
com.announcify.api.background.tts.Speech -> com.announcify.api.background.tts.Speech:
    android.os.Parcelable$Creator CREATOR -> CREATOR
    float pitch -> a
    float speechRate -> b
    java.util.Locale language -> c
    int describeContents() -> describeContents
    void writeToParcel(android.os.Parcel,int) -> writeToParcel
com.announcify.api.background.tts.Speech$1 -> com.announcify.api.background.tts.a:
    java.lang.Object createFromParcel(android.os.Parcel) -> createFromParcel
    java.lang.Object[] newArray(int) -> newArray
com.announcify.api.background.util.AnnouncifySettings -> com.announcify.api.background.b.a:
    android.content.SharedPreferences preferences -> a
    boolean getBlockGroups() -> a
    boolean getBlockContacts() -> b
    int getStream() -> c
    boolean isDiscreetCondition() -> d
    boolean isGravityCondition() -> e
    boolean isScreenCondition() -> f
    boolean isShowNotification() -> g
    void setBlockGroups(boolean) -> a
    void setBlockContacts(boolean) -> b
...
com.markupartist.android.widget.ActionBar -> com.markupartist.android.widget.ActionBar:
    android.view.LayoutInflater mInflater -> a
    android.widget.RelativeLayout mBarView -> b
    android.widget.ImageView mLogoView -> c
    android.widget.TextView mTitleView -> d
    android.widget.LinearLayout mActionsView -> e
    android.widget.ImageButton mHomeBtn -> f
    android.widget.RelativeLayout mHomeLayout -> g
    void addAction(com.markupartist.android.widget.ActionBar$Action) -> a
    void onClick(android.view.View) -> onClick
    void setHomeAction(com.markupartist.android.widget.ActionBar$Action) -> b
    void setTitle(java.lang.CharSequence) -> a
com.markupartist.android.widget.ActionBar$AbstractAction -> com.markupartist.android.widget.b:
    int mDrawable -> a
    int getDrawable() -> b
    void performAction$3c7ec8c3() -> a
com.markupartist.android.widget.ActionBar$Action -> com.markupartist.android.widget.c:
    int getDrawable() -> b
    void performAction$3c7ec8c3() -> a
com.markupartist.android.widget.ActionBar$IntentAction -> com.markupartist.android.widget.a:
    android.content.Context mContext -> a
    android.content.Intent mIntent -> b
    void performAction$3c7ec8c3() -> a
com.markupartist.android.widget.ScrollingTextView -> com.markupartist.android.widget.ScrollingTextView:
    boolean isFocused() -> isFocused
    void onFocusChanged(boolean,int,android.graphics.Rect) -> onFocusChanged
    void onWindowFocusChanged(boolean) -> onWindowFocusChanged