Announcify/proguard/usage.txt
com.announcify.Manifest
com.announcify.Manifest$permission
com.announcify.R
com.announcify.R$array
com.announcify.R$attr
com.announcify.R$color
com.announcify.R$dimen
com.announcify.R$drawable
com.announcify.R$id
com.announcify.R$layout
com.announcify.R$menu
com.announcify.R$string
com.announcify.R$style
com.announcify.R$styleable
com.announcify.R$xml
com.announcify.api.AnnouncifyIntent
com.announcify.api.Manifest
com.announcify.api.Manifest$permission
com.announcify.api.R$array
com.announcify.api.R$attr
com.announcify.api.R$color
com.announcify.api.R$dimen
com.announcify.api.R$drawable
com.announcify.api.R$id
com.announcify.api.R$layout
com.announcify.api.R$menu
com.announcify.api.R$string
com.announcify.api.R$style
com.announcify.api.R$styleable:
    public static final int ActionBar_bar_title
com.announcify.api.R$xml
com.announcify.api.background.audio.HeadsetFinder:
    31:31:public static boolean isDiscreet(android.content.Context)
com.announcify.api.background.contact.Contact
com.announcify.api.background.contact.Contact$1
com.announcify.api.background.contact.ContactEnum
com.announcify.api.background.contact.ContactEnum$1
com.announcify.api.background.contact.ContactEnum$2
com.announcify.api.background.contact.ContactEnum$3
com.announcify.api.background.contact.ContactEnum$4
com.announcify.api.background.contact.ContactEnum$5
com.announcify.api.background.contact.ContactEnum$6
com.announcify.api.background.contact.ContactEnum$7
com.announcify.api.background.contact.ContactEnum$8
com.announcify.api.background.contact.Filter
com.announcify.api.background.contact.lookup.Group
com.announcify.api.background.contact.lookup.LookupMethod
com.announcify.api.background.contact.lookup.Name
com.announcify.api.background.contact.lookup.Number
com.announcify.api.background.error.ExceptionHandler:
    public static final java.lang.String PACKAGE
    public static final java.lang.String ANDROID_VERSION
    public static final java.lang.String VERSION_CODE
    public static final java.lang.String VERSION_NAME
    public static final java.lang.String STACKTRACE
    public static final java.lang.String MODEL
com.announcify.api.background.queue.PluginQueue:
    56:61:public PluginQueue(java.lang.String,java.util.LinkedList,com.announcify.api.background.tts.Speech)
    63:71:public PluginQueue(java.lang.String,java.util.LinkedList,java.lang.String,java.lang.String,android.content.Context)
    73:81:public PluginQueue(java.lang.String,java.util.LinkedList,java.lang.String,java.lang.String,com.announcify.api.background.tts.Speech)
    96:96:public com.announcify.api.background.tts.Speech getSpeech()
    114:115:public void setSpeech(com.announcify.api.background.tts.Speech)
    118:121:public java.lang.String sniffNextString()
com.announcify.api.background.service.PluginService:
    public static final java.lang.String ACTION_PLUGIN_CONTACT
    public static final java.lang.String ACTION_ANNOUNCE
    public static final java.lang.String EXTRA_PRIORITY
    public static final java.lang.String EXTRA_QUEUE
    public static final java.lang.String EXTRA_PLUGIN_NAME
    public static final java.lang.String EXTRA_PLUGIN_PACKAGE
    public static final java.lang.String EXTRA_PLUGIN_ACTION
    public static final java.lang.String EXTRA_PLUGIN_BROADCAST
    public static final java.lang.String EXTRA_PLUGIN_PRIORITY
    protected static android.media.Ringtone ringtone
    public final java.lang.String ACTION_START_RINGTONE
    public final java.lang.String ACTION_STOP_RINGTONE
    protected com.announcify.api.background.util.PluginSettings settings
    35:39:public PluginService(java.lang.String)
    43:49:public PluginService(java.lang.String,java.lang.String,java.lang.String)
    53:84:protected void onHandleIntent(android.content.Intent)
...
com.markupartist.android.widget.ActionBar:
    199:202:public void setHomeLogo(int)
    209:210:public void setTitle(int)